25
GluGluHToWWTo2L2Nu_M125_TuneCUETP8M1Up_13TeV_powheg_JHUGenV735_pythia8
RunIISummer15wmLHEGS GluGluHToWWTo2L2Nu_M125_TuneCUETP8M1Up_13TeV_powheg_JHUGenV735_pythia8
Found a cookie file at /afs/cern.ch/user/j/jhchoi/private/prod-cookie.txt. Make sure it's not expired!
Using sso-cookie file /afs/cern.ch/user/j/jhchoi/private/prod-cookie.txt
GluGluHToWWTo2L2Nu_M125_TuneCUETP8M1Down_13TeV_powheg_JHUGenV735_pythia8
RunIISummer15wmLHEGS GluGluHToWWTo2L2Nu_M125_TuneCUETP8M1Down_13TeV_powheg_JHUGenV735_pythia8
Found a cookie file at /afs/cern.ch/user/j/jhchoi/private/prod-cookie.txt. Make sure it's not expired!
Using sso-cookie file /afs/cern.ch/user/j/jhchoi/private/prod-cookie.txt
GluGluHToWWTo2L2Nu_M300_CPS_TuneCUETP8M1Up_13TeV_powheg_JHUGenV698_pythia8
RunIISummer15wmLHEGS GluGluHToWWTo2L2Nu_M300_CPS_TuneCUETP8M1Up_13TeV_powheg_JHUGenV698_pythia8
!!wrong jhugen version
Found a cookie file at /afs/cern.ch/user/j/jhchoi/private/prod-cookie.txt. Make sure it's not expired!
Using sso-cookie file /afs/cern.ch/user/j/jhchoi/private/prod-cookie.txt
GluGluHToWWTo2L2Nu_M300_CPS_TuneCUETP8M1Down_13TeV_powheg_JHUGenV698_pythia8
RunIISummer15wmLHEGS GluGluHToWWTo2L2Nu_M300_CPS_TuneCUETP8M1Down_13TeV_powheg_JHUGenV698_pythia8
!!wrong jhugen version
Found a cookie file at /afs/cern.ch/user/j/jhchoi/private/prod-cookie.txt. Make sure it's not expired!
Using sso-cookie file /afs/cern.ch/user/j/jhchoi/private/prod-cookie.txt
GluGluHToWWTo2L2Nu_M125_TuneCUETP8M1Up_13TeV_powheg_minloHJJ_JHUGenV735_pythia8
RunIISummer15wmLHEGS GluGluHToWWTo2L2Nu_M125_TuneCUETP8M1Up_13TeV_powheg_minloHJJ_JHUGenV735_pythia8
Found a cookie file at /afs/cern.ch/user/j/jhchoi/private/prod-cookie.txt. Make sure it's not expired!
Using sso-cookie file /afs/cern.ch/user/j/jhchoi/private/prod-cookie.txt
GluGluHToWWTo2L2Nu_M125_TuneCUETP8M1Down_13TeV_powheg_minloHJJ_JHUGenV735_pythia8
RunIISummer15wmLHEGS GluGluHToWWTo2L2Nu_M125_TuneCUETP8M1Down_13TeV_powheg_minloHJJ_JHUGenV735_pythia8
Found a cookie file at /afs/cern.ch/user/j/jhchoi/private/prod-cookie.txt. Make sure it's not expired!
Using sso-cookie file /afs/cern.ch/user/j/jhchoi/private/prod-cookie.txt
GluGluHToWWTo2L2Nu_M300_CPS_TuneCUETP8M1Up_13TeV_powheg_minlo_JHUGenV735_pythia8
RunIISummer15wmLHEGS GluGluHToWWTo2L2Nu_M300_CPS_TuneCUETP8M1Up_13TeV_powheg_minlo_JHUGenV735_pythia8
Found a cookie file at /afs/cern.ch/user/j/jhchoi/private/prod-cookie.txt. Make sure it's not expired!
Using sso-cookie file /afs/cern.ch/user/j/jhchoi/private/prod-cookie.txt
GluGluHToWWTo2L2Nu_M300_CPS_TuneCUETP8M1Down_13TeV_powheg_minlo_JHUGenV735_pythia8
RunIISummer15wmLHEGS GluGluHToWWTo2L2Nu_M300_CPS_TuneCUETP8M1Down_13TeV_powheg_minlo_JHUGenV735_pythia8
Found a cookie file at /afs/cern.ch/user/j/jhchoi/private/prod-cookie.txt. Make sure it's not expired!
Using sso-cookie file /afs/cern.ch/user/j/jhchoi/private/prod-cookie.txt
VBFHToWWTo2L2Nu_M125_TuneCUETP8M1Up_13TeV_powheg_JHUGenV735_pythia8
RunIISummer15wmLHEGS VBFHToWWTo2L2Nu_M125_TuneCUETP8M1Up_13TeV_powheg_JHUGenV735_pythia8
Found a cookie file at /afs/cern.ch/user/j/jhchoi/private/prod-cookie.txt. Make sure it's not expired!
Using sso-cookie file /afs/cern.ch/user/j/jhchoi/private/prod-cookie.txt
VBFHToWWTo2L2Nu_M125_TuneCUETP8M1Down_13TeV_powheg_JHUGenV735_pythia8
RunIISummer15wmLHEGS VBFHToWWTo2L2Nu_M125_TuneCUETP8M1Down_13TeV_powheg_JHUGenV735_pythia8
Found a cookie file at /afs/cern.ch/user/j/jhchoi/private/prod-cookie.txt. Make sure it's not expired!
Using sso-cookie file /afs/cern.ch/user/j/jhchoi/private/prod-cookie.txt
VBFHToWWTo2L2Nu_M300_CPS_TuneCUETP8M1Up_13TeV_powheg_JHUGenV698_pythia8
RunIISummer15wmLHEGS VBFHToWWTo2L2Nu_M300_CPS_TuneCUETP8M1Up_13TeV_powheg_JHUGenV698_pythia8
!!wrong jhugen version
Found a cookie file at /afs/cern.ch/user/j/jhchoi/private/prod-cookie.txt. Make sure it's not expired!
Using sso-cookie file /afs/cern.ch/user/j/jhchoi/private/prod-cookie.txt
VBFHToWWTo2L2Nu_M300_CPS_TuneCUETP8M1Down_13TeV_powheg_JHUGenV698_pythia8
RunIISummer15wmLHEGS VBFHToWWTo2L2Nu_M300_CPS_TuneCUETP8M1Down_13TeV_powheg_JHUGenV698_pythia8
!!wrong jhugen version
Found a cookie file at /afs/cern.ch/user/j/jhchoi/private/prod-cookie.txt. Make sure it's not expired!
Using sso-cookie file /afs/cern.ch/user/j/jhchoi/private/prod-cookie.txt
WminusHToWW_2LOSFilter_M125_TuneCUETP8M1Up_13TeV_powheg_JHUGenV735_pythia8
RunIISummer15wmLHEGS WminusHToWW_2LOSFilter_M125_TuneCUETP8M1Up_13TeV_powheg_JHUGenV735_pythia8
Found a cookie file at /afs/cern.ch/user/j/jhchoi/private/prod-cookie.txt. Make sure it's not expired!
Using sso-cookie file /afs/cern.ch/user/j/jhchoi/private/prod-cookie.txt
WminusHToWW_2LOSFilter_M125_TuneCUETP8M1Down_13TeV_powheg_JHUGenV735_pythia8
RunIISummer15wmLHEGS WminusHToWW_2LOSFilter_M125_TuneCUETP8M1Down_13TeV_powheg_JHUGenV735_pythia8
Found a cookie file at /afs/cern.ch/user/j/jhchoi/private/prod-cookie.txt. Make sure it's not expired!
Using sso-cookie file /afs/cern.ch/user/j/jhchoi/private/prod-cookie.txt
WminusHToWW_2LOSFilter_M300_CPS_TuneCUETP8M1Up_13TeV_powheg_JHUGenV735_pythia8
RunIISummer15wmLHEGS WminusHToWW_2LOSFilter_M300_CPS_TuneCUETP8M1Up_13TeV_powheg_JHUGenV735_pythia8
Found a cookie file at /afs/cern.ch/user/j/jhchoi/private/prod-cookie.txt. Make sure it's not expired!
Using sso-cookie file /afs/cern.ch/user/j/jhchoi/private/prod-cookie.txt
WminusHToWW_2LOSFilter_M300_CPS_TuneCUETP8M1Down_13TeV_powheg_JHUGenV735_pythia8
RunIISummer15wmLHEGS WminusHToWW_2LOSFilter_M300_CPS_TuneCUETP8M1Down_13TeV_powheg_JHUGenV735_pythia8
Found a cookie file at /afs/cern.ch/user/j/jhchoi/private/prod-cookie.txt. Make sure it's not expired!
Using sso-cookie file /afs/cern.ch/user/j/jhchoi/private/prod-cookie.txt
WplusHToWW_2LOSFilter_M125_TuneCUETP8M1Up_13TeV_powheg_JHUGenV735_pythia8
RunIISummer15wmLHEGS WplusHToWW_2LOSFilter_M125_TuneCUETP8M1Up_13TeV_powheg_JHUGenV735_pythia8
Found a cookie file at /afs/cern.ch/user/j/jhchoi/private/prod-cookie.txt. Make sure it's not expired!
Using sso-cookie file /afs/cern.ch/user/j/jhchoi/private/prod-cookie.txt
WplusHToWW_2LOSFilter_M125_TuneCUETP8M1Down_13TeV_powheg_JHUGenV735_pythia8
RunIISummer15wmLHEGS WplusHToWW_2LOSFilter_M125_TuneCUETP8M1Down_13TeV_powheg_JHUGenV735_pythia8
Found a cookie file at /afs/cern.ch/user/j/jhchoi/private/prod-cookie.txt. Make sure it's not expired!
Using sso-cookie file /afs/cern.ch/user/j/jhchoi/private/prod-cookie.txt
WplusHToWW_2LOSFilter_M300_CPS_TuneCUETP8M1Up_13TeV_powheg_JHUGenV735_pythia8
RunIISummer15wmLHEGS WplusHToWW_2LOSFilter_M300_CPS_TuneCUETP8M1Up_13TeV_powheg_JHUGenV735_pythia8
Found a cookie file at /afs/cern.ch/user/j/jhchoi/private/prod-cookie.txt. Make sure it's not expired!
Using sso-cookie file /afs/cern.ch/user/j/jhchoi/private/prod-cookie.txt
WplusHToWW_2LOSFilter_M300_CPS_TuneCUETP8M1Down_13TeV_powheg_JHUGenV735_pythia8
RunIISummer15wmLHEGS WplusHToWW_2LOSFilter_M300_CPS_TuneCUETP8M1Down_13TeV_powheg_JHUGenV735_pythia8
Found a cookie file at /afs/cern.ch/user/j/jhchoi/private/prod-cookie.txt. Make sure it's not expired!
Using sso-cookie file /afs/cern.ch/user/j/jhchoi/private/prod-cookie.txt
HZJ_HToWW2L2NuInclusiveZ_M125_TuneCUETP8M1Up_13TeV_powheg_JHUGenV735_pythia8
RunIISummer15wmLHEGS HZJ_HToWW2L2NuInclusiveZ_M125_TuneCUETP8M1Up_13TeV_powheg_JHUGenV735_pythia8
Found a cookie file at /afs/cern.ch/user/j/jhchoi/private/prod-cookie.txt. Make sure it's not expired!
Using sso-cookie file /afs/cern.ch/user/j/jhchoi/private/prod-cookie.txt
HZJ_HToWW2L2NuInclusiveZ_M125_TuneCUETP8M1Down_13TeV_powheg_JHUGenV735_pythia8
RunIISummer15wmLHEGS HZJ_HToWW2L2NuInclusiveZ_M125_TuneCUETP8M1Down_13TeV_powheg_JHUGenV735_pythia8
Found a cookie file at /afs/cern.ch/user/j/jhchoi/private/prod-cookie.txt. Make sure it's not expired!
Using sso-cookie file /afs/cern.ch/user/j/jhchoi/private/prod-cookie.txt
HZJ_HToWW2L2NuInclusiveZ_M300_CPS_TuneCUETP8M1Up_13TeV_powheg_JHUGenV735_pythia8
RunIISummer15wmLHEGS HZJ_HToWW2L2NuInclusiveZ_M300_CPS_TuneCUETP8M1Up_13TeV_powheg_JHUGenV735_pythia8
Found a cookie file at /afs/cern.ch/user/j/jhchoi/private/prod-cookie.txt. Make sure it's not expired!
Using sso-cookie file /afs/cern.ch/user/j/jhchoi/private/prod-cookie.txt
HZJ_HToWW2L2NuInclusiveZ_M300_CPS_TuneCUETP8M1Down_13TeV_powheg_JHUGenV735_pythia8
RunIISummer15wmLHEGS HZJ_HToWW2L2NuInclusiveZ_M300_CPS_TuneCUETP8M1Down_13TeV_powheg_JHUGenV735_pythia8
Found a cookie file at /afs/cern.ch/user/j/jhchoi/private/prod-cookie.txt. Make sure it's not expired!
Using sso-cookie file /afs/cern.ch/user/j/jhchoi/private/prod-cookie.txt
