97
GluGluHToWWTo2L2Nu_M125_TuneCUETP8M1_13TeV_powheg_JHUGenV735_pythia8
RunIISummer15wmLHEGS GluGluHToWWTo2L2Nu_M125_TuneCUETP8M1_13TeV_powheg_JHUGenV735_pythia8
Found a cookie file at /afs/cern.ch/user/j/jhchoi/private/prod-cookie.txt. Make sure it's not expired!
Using sso-cookie file /afs/cern.ch/user/j/jhchoi/private/prod-cookie.txt
GluGluHToWWTo2L2Nu_M160_TuneCUETP8M1_13TeV_powheg_JHUGenV735_pythia8
RunIISummer15wmLHEGS GluGluHToWWTo2L2Nu_M160_TuneCUETP8M1_13TeV_powheg_JHUGenV735_pythia8
Found a cookie file at /afs/cern.ch/user/j/jhchoi/private/prod-cookie.txt. Make sure it's not expired!
Using sso-cookie file /afs/cern.ch/user/j/jhchoi/private/prod-cookie.txt
GluGluHToWWTo2L2Nu_M170_TuneCUETP8M1_13TeV_powheg_JHUGenV735_pythia8
RunIISummer15wmLHEGS GluGluHToWWTo2L2Nu_M170_TuneCUETP8M1_13TeV_powheg_JHUGenV735_pythia8
Found a cookie file at /afs/cern.ch/user/j/jhchoi/private/prod-cookie.txt. Make sure it's not expired!
Using sso-cookie file /afs/cern.ch/user/j/jhchoi/private/prod-cookie.txt
GluGluHToWWTo2L2Nu_M180_TuneCUETP8M1_13TeV_powheg_JHUGenV735_pythia8
RunIISummer15wmLHEGS GluGluHToWWTo2L2Nu_M180_TuneCUETP8M1_13TeV_powheg_JHUGenV735_pythia8
Found a cookie file at /afs/cern.ch/user/j/jhchoi/private/prod-cookie.txt. Make sure it's not expired!
Using sso-cookie file /afs/cern.ch/user/j/jhchoi/private/prod-cookie.txt
GluGluHToWWTo2L2Nu_M190_TuneCUETP8M1_13TeV_powheg_JHUGenV735_pythia8
RunIISummer15wmLHEGS GluGluHToWWTo2L2Nu_M190_TuneCUETP8M1_13TeV_powheg_JHUGenV735_pythia8
Found a cookie file at /afs/cern.ch/user/j/jhchoi/private/prod-cookie.txt. Make sure it's not expired!
Using sso-cookie file /afs/cern.ch/user/j/jhchoi/private/prod-cookie.txt
GluGluHToWWTo2L2Nu_M200_CPS_TuneCUETP8M1_13TeV_powheg_JHUGenV735_pythia8
RunIISummer15wmLHEGS GluGluHToWWTo2L2Nu_M200_CPS_TuneCUETP8M1_13TeV_powheg_JHUGenV735_pythia8
Found a cookie file at /afs/cern.ch/user/j/jhchoi/private/prod-cookie.txt. Make sure it's not expired!
Using sso-cookie file /afs/cern.ch/user/j/jhchoi/private/prod-cookie.txt
GluGluHToWWTo2L2Nu_M210_CPS_TuneCUETP8M1_13TeV_powheg_JHUGenV735_pythia8
RunIISummer15wmLHEGS GluGluHToWWTo2L2Nu_M210_CPS_TuneCUETP8M1_13TeV_powheg_JHUGenV735_pythia8
Found a cookie file at /afs/cern.ch/user/j/jhchoi/private/prod-cookie.txt. Make sure it's not expired!
Using sso-cookie file /afs/cern.ch/user/j/jhchoi/private/prod-cookie.txt
GluGluHToWWTo2L2Nu_M230_CPS_TuneCUETP8M1_13TeV_powheg_JHUGenV735_pythia8
RunIISummer15wmLHEGS GluGluHToWWTo2L2Nu_M230_CPS_TuneCUETP8M1_13TeV_powheg_JHUGenV735_pythia8
Found a cookie file at /afs/cern.ch/user/j/jhchoi/private/prod-cookie.txt. Make sure it's not expired!
Using sso-cookie file /afs/cern.ch/user/j/jhchoi/private/prod-cookie.txt
GluGluHToWWTo2L2Nu_M270_CPS_TuneCUETP8M1_13TeV_powheg_JHUGenV735_pythia8
RunIISummer15wmLHEGS GluGluHToWWTo2L2Nu_M270_CPS_TuneCUETP8M1_13TeV_powheg_JHUGenV735_pythia8
Found a cookie file at /afs/cern.ch/user/j/jhchoi/private/prod-cookie.txt. Make sure it's not expired!
Using sso-cookie file /afs/cern.ch/user/j/jhchoi/private/prod-cookie.txt
GluGluHToWWTo2L2Nu_M125_TuneCUETP8M1_13TeV_powheg_minloHJJ_JHUGenV735_pythia8
RunIISummer15wmLHEGS GluGluHToWWTo2L2Nu_M125_TuneCUETP8M1_13TeV_powheg_minloHJJ_JHUGenV735_pythia8
Found a cookie file at /afs/cern.ch/user/j/jhchoi/private/prod-cookie.txt. Make sure it's not expired!
Using sso-cookie file /afs/cern.ch/user/j/jhchoi/private/prod-cookie.txt
GluGluHToWWTo2L2Nu_M300_CPS_TuneCUETP8M1_13TeV_powheg_minlo_JHUGenV735_pythia8
RunIISummer15wmLHEGS GluGluHToWWTo2L2Nu_M300_CPS_TuneCUETP8M1_13TeV_powheg_minlo_JHUGenV735_pythia8
Found a cookie file at /afs/cern.ch/user/j/jhchoi/private/prod-cookie.txt. Make sure it's not expired!
Using sso-cookie file /afs/cern.ch/user/j/jhchoi/private/prod-cookie.txt
VBFHToWWTo2L2Nu_M125_TuneCUETP8M1_13TeV_powheg_JHUGenV735_pythia8
RunIISummer15wmLHEGS VBFHToWWTo2L2Nu_M125_TuneCUETP8M1_13TeV_powheg_JHUGenV735_pythia8
Found a cookie file at /afs/cern.ch/user/j/jhchoi/private/prod-cookie.txt. Make sure it's not expired!
Using sso-cookie file /afs/cern.ch/user/j/jhchoi/private/prod-cookie.txt
VBFHToWWTo2L2Nu_M160_TuneCUETP8M1_13TeV_powheg_JHUGenV735_pythia8
RunIISummer15wmLHEGS VBFHToWWTo2L2Nu_M160_TuneCUETP8M1_13TeV_powheg_JHUGenV735_pythia8
Found a cookie file at /afs/cern.ch/user/j/jhchoi/private/prod-cookie.txt. Make sure it's not expired!
Using sso-cookie file /afs/cern.ch/user/j/jhchoi/private/prod-cookie.txt
VBFHToWWTo2L2Nu_M170_TuneCUETP8M1_13TeV_powheg_JHUGenV735_pythia8
RunIISummer15wmLHEGS VBFHToWWTo2L2Nu_M170_TuneCUETP8M1_13TeV_powheg_JHUGenV735_pythia8
Found a cookie file at /afs/cern.ch/user/j/jhchoi/private/prod-cookie.txt. Make sure it's not expired!
Using sso-cookie file /afs/cern.ch/user/j/jhchoi/private/prod-cookie.txt
VBFHToWWTo2L2Nu_M180_TuneCUETP8M1_13TeV_powheg_JHUGenV735_pythia8
RunIISummer15wmLHEGS VBFHToWWTo2L2Nu_M180_TuneCUETP8M1_13TeV_powheg_JHUGenV735_pythia8
Found a cookie file at /afs/cern.ch/user/j/jhchoi/private/prod-cookie.txt. Make sure it's not expired!
Using sso-cookie file /afs/cern.ch/user/j/jhchoi/private/prod-cookie.txt
VBFHToWWTo2L2Nu_M190_TuneCUETP8M1_13TeV_powheg_JHUGenV735_pythia8
RunIISummer15wmLHEGS VBFHToWWTo2L2Nu_M190_TuneCUETP8M1_13TeV_powheg_JHUGenV735_pythia8
Found a cookie file at /afs/cern.ch/user/j/jhchoi/private/prod-cookie.txt. Make sure it's not expired!
Using sso-cookie file /afs/cern.ch/user/j/jhchoi/private/prod-cookie.txt
VBFHToWWTo2L2Nu_M200_CPS_TuneCUETP8M1_13TeV_powheg_JHUGenV735_pythia8
RunIISummer15wmLHEGS VBFHToWWTo2L2Nu_M200_CPS_TuneCUETP8M1_13TeV_powheg_JHUGenV735_pythia8
Found a cookie file at /afs/cern.ch/user/j/jhchoi/private/prod-cookie.txt. Make sure it's not expired!
Using sso-cookie file /afs/cern.ch/user/j/jhchoi/private/prod-cookie.txt
VBFHToWWTo2L2Nu_M210_CPS_TuneCUETP8M1_13TeV_powheg_JHUGenV735_pythia8
RunIISummer15wmLHEGS VBFHToWWTo2L2Nu_M210_CPS_TuneCUETP8M1_13TeV_powheg_JHUGenV735_pythia8
Found a cookie file at /afs/cern.ch/user/j/jhchoi/private/prod-cookie.txt. Make sure it's not expired!
Using sso-cookie file /afs/cern.ch/user/j/jhchoi/private/prod-cookie.txt
VBFHToWWTo2L2Nu_M230_CPS_TuneCUETP8M1_13TeV_powheg_JHUGenV735_pythia8
RunIISummer15wmLHEGS VBFHToWWTo2L2Nu_M230_CPS_TuneCUETP8M1_13TeV_powheg_JHUGenV735_pythia8
Found a cookie file at /afs/cern.ch/user/j/jhchoi/private/prod-cookie.txt. Make sure it's not expired!
Using sso-cookie file /afs/cern.ch/user/j/jhchoi/private/prod-cookie.txt
VBFHToWWTo2L2Nu_M250_CPS_TuneCUETP8M1_13TeV_powheg_JHUGenV735_pythia8
RunIISummer15wmLHEGS VBFHToWWTo2L2Nu_M250_CPS_TuneCUETP8M1_13TeV_powheg_JHUGenV735_pythia8
Found a cookie file at /afs/cern.ch/user/j/jhchoi/private/prod-cookie.txt. Make sure it's not expired!
Using sso-cookie file /afs/cern.ch/user/j/jhchoi/private/prod-cookie.txt
VBFHToWWTo2L2Nu_M270_CPS_TuneCUETP8M1_13TeV_powheg_JHUGenV735_pythia8
RunIISummer15wmLHEGS VBFHToWWTo2L2Nu_M270_CPS_TuneCUETP8M1_13TeV_powheg_JHUGenV735_pythia8
Found a cookie file at /afs/cern.ch/user/j/jhchoi/private/prod-cookie.txt. Make sure it's not expired!
Using sso-cookie file /afs/cern.ch/user/j/jhchoi/private/prod-cookie.txt
WminusHToWW_2LOSFilter_M125_TuneCUETP8M1_13TeV_powheg_JHUGenV735_pythia8
RunIISummer15wmLHEGS WminusHToWW_2LOSFilter_M125_TuneCUETP8M1_13TeV_powheg_JHUGenV735_pythia8
Found a cookie file at /afs/cern.ch/user/j/jhchoi/private/prod-cookie.txt. Make sure it's not expired!
Using sso-cookie file /afs/cern.ch/user/j/jhchoi/private/prod-cookie.txt
WminusHToWW_2LOSFilter_M160_TuneCUETP8M1_13TeV_powheg_JHUGenV735_pythia8
RunIISummer15wmLHEGS WminusHToWW_2LOSFilter_M160_TuneCUETP8M1_13TeV_powheg_JHUGenV735_pythia8
Found a cookie file at /afs/cern.ch/user/j/jhchoi/private/prod-cookie.txt. Make sure it's not expired!
Using sso-cookie file /afs/cern.ch/user/j/jhchoi/private/prod-cookie.txt
WminusHToWW_2LOSFilter_M170_TuneCUETP8M1_13TeV_powheg_JHUGenV735_pythia8
RunIISummer15wmLHEGS WminusHToWW_2LOSFilter_M170_TuneCUETP8M1_13TeV_powheg_JHUGenV735_pythia8
Found a cookie file at /afs/cern.ch/user/j/jhchoi/private/prod-cookie.txt. Make sure it's not expired!
Using sso-cookie file /afs/cern.ch/user/j/jhchoi/private/prod-cookie.txt
WminusHToWW_2LOSFilter_M180_TuneCUETP8M1_13TeV_powheg_JHUGenV735_pythia8
RunIISummer15wmLHEGS WminusHToWW_2LOSFilter_M180_TuneCUETP8M1_13TeV_powheg_JHUGenV735_pythia8
Found a cookie file at /afs/cern.ch/user/j/jhchoi/private/prod-cookie.txt. Make sure it's not expired!
Using sso-cookie file /afs/cern.ch/user/j/jhchoi/private/prod-cookie.txt
WminusHToWW_2LOSFilter_M190_TuneCUETP8M1_13TeV_powheg_JHUGenV735_pythia8
RunIISummer15wmLHEGS WminusHToWW_2LOSFilter_M190_TuneCUETP8M1_13TeV_powheg_JHUGenV735_pythia8
Found a cookie file at /afs/cern.ch/user/j/jhchoi/private/prod-cookie.txt. Make sure it's not expired!
Using sso-cookie file /afs/cern.ch/user/j/jhchoi/private/prod-cookie.txt
WminusHToWW_2LOSFilter_M200_CPS_TuneCUETP8M1_13TeV_powheg_JHUGenV735_pythia8
RunIISummer15wmLHEGS WminusHToWW_2LOSFilter_M200_CPS_TuneCUETP8M1_13TeV_powheg_JHUGenV735_pythia8
Found a cookie file at /afs/cern.ch/user/j/jhchoi/private/prod-cookie.txt. Make sure it's not expired!
Using sso-cookie file /afs/cern.ch/user/j/jhchoi/private/prod-cookie.txt
WminusHToWW_2LOSFilter_M210_CPS_TuneCUETP8M1_13TeV_powheg_JHUGenV735_pythia8
RunIISummer15wmLHEGS WminusHToWW_2LOSFilter_M210_CPS_TuneCUETP8M1_13TeV_powheg_JHUGenV735_pythia8
Found a cookie file at /afs/cern.ch/user/j/jhchoi/private/prod-cookie.txt. Make sure it's not expired!
Using sso-cookie file /afs/cern.ch/user/j/jhchoi/private/prod-cookie.txt
WminusHToWW_2LOSFilter_M230_CPS_TuneCUETP8M1_13TeV_powheg_JHUGenV735_pythia8
RunIISummer15wmLHEGS WminusHToWW_2LOSFilter_M230_CPS_TuneCUETP8M1_13TeV_powheg_JHUGenV735_pythia8
Found a cookie file at /afs/cern.ch/user/j/jhchoi/private/prod-cookie.txt. Make sure it's not expired!
Using sso-cookie file /afs/cern.ch/user/j/jhchoi/private/prod-cookie.txt
WminusHToWW_2LOSFilter_M250_CPS_TuneCUETP8M1_13TeV_powheg_JHUGenV735_pythia8
RunIISummer15wmLHEGS WminusHToWW_2LOSFilter_M250_CPS_TuneCUETP8M1_13TeV_powheg_JHUGenV735_pythia8
Found a cookie file at /afs/cern.ch/user/j/jhchoi/private/prod-cookie.txt. Make sure it's not expired!
Using sso-cookie file /afs/cern.ch/user/j/jhchoi/private/prod-cookie.txt
WminusHToWW_2LOSFilter_M270_CPS_TuneCUETP8M1_13TeV_powheg_JHUGenV735_pythia8
RunIISummer15wmLHEGS WminusHToWW_2LOSFilter_M270_CPS_TuneCUETP8M1_13TeV_powheg_JHUGenV735_pythia8
Found a cookie file at /afs/cern.ch/user/j/jhchoi/private/prod-cookie.txt. Make sure it's not expired!
Using sso-cookie file /afs/cern.ch/user/j/jhchoi/private/prod-cookie.txt
WminusHToWW_2LOSFilter_M300_CPS_TuneCUETP8M1_13TeV_powheg_JHUGenV735_pythia8
RunIISummer15wmLHEGS WminusHToWW_2LOSFilter_M300_CPS_TuneCUETP8M1_13TeV_powheg_JHUGenV735_pythia8
Found a cookie file at /afs/cern.ch/user/j/jhchoi/private/prod-cookie.txt. Make sure it's not expired!
Using sso-cookie file /afs/cern.ch/user/j/jhchoi/private/prod-cookie.txt
WminusHToWW_2LOSFilter_M350_CPS_TuneCUETP8M1_13TeV_powheg_JHUGenV735_pythia8
RunIISummer15wmLHEGS WminusHToWW_2LOSFilter_M350_CPS_TuneCUETP8M1_13TeV_powheg_JHUGenV735_pythia8
Found a cookie file at /afs/cern.ch/user/j/jhchoi/private/prod-cookie.txt. Make sure it's not expired!
Using sso-cookie file /afs/cern.ch/user/j/jhchoi/private/prod-cookie.txt
WminusHToWW_2LOSFilter_M400_CPS_TuneCUETP8M1_13TeV_powheg_JHUGenV735_pythia8
RunIISummer15wmLHEGS WminusHToWW_2LOSFilter_M400_CPS_TuneCUETP8M1_13TeV_powheg_JHUGenV735_pythia8
Found a cookie file at /afs/cern.ch/user/j/jhchoi/private/prod-cookie.txt. Make sure it's not expired!
Using sso-cookie file /afs/cern.ch/user/j/jhchoi/private/prod-cookie.txt
WminusHToWW_2LOSFilter_M450_CPS_TuneCUETP8M1_13TeV_powheg_JHUGenV735_pythia8
RunIISummer15wmLHEGS WminusHToWW_2LOSFilter_M450_CPS_TuneCUETP8M1_13TeV_powheg_JHUGenV735_pythia8
Found a cookie file at /afs/cern.ch/user/j/jhchoi/private/prod-cookie.txt. Make sure it's not expired!
Using sso-cookie file /afs/cern.ch/user/j/jhchoi/private/prod-cookie.txt
WminusHToWW_2LOSFilter_M500_CPS_TuneCUETP8M1_13TeV_powheg_JHUGenV735_pythia8
RunIISummer15wmLHEGS WminusHToWW_2LOSFilter_M500_CPS_TuneCUETP8M1_13TeV_powheg_JHUGenV735_pythia8
Found a cookie file at /afs/cern.ch/user/j/jhchoi/private/prod-cookie.txt. Make sure it's not expired!
Using sso-cookie file /afs/cern.ch/user/j/jhchoi/private/prod-cookie.txt
WminusHToWW_2LOSFilter_M550_CPS_TuneCUETP8M1_13TeV_powheg_JHUGenV735_pythia8
RunIISummer15wmLHEGS WminusHToWW_2LOSFilter_M550_CPS_TuneCUETP8M1_13TeV_powheg_JHUGenV735_pythia8
Found a cookie file at /afs/cern.ch/user/j/jhchoi/private/prod-cookie.txt. Make sure it's not expired!
Using sso-cookie file /afs/cern.ch/user/j/jhchoi/private/prod-cookie.txt
WminusHToWW_2LOSFilter_M600_CPS_TuneCUETP8M1_13TeV_powheg_JHUGenV735_pythia8
RunIISummer15wmLHEGS WminusHToWW_2LOSFilter_M600_CPS_TuneCUETP8M1_13TeV_powheg_JHUGenV735_pythia8
Found a cookie file at /afs/cern.ch/user/j/jhchoi/private/prod-cookie.txt. Make sure it's not expired!
Using sso-cookie file /afs/cern.ch/user/j/jhchoi/private/prod-cookie.txt
WminusHToWW_2LOSFilter_M700_CPS_TuneCUETP8M1_13TeV_powheg_JHUGenV735_pythia8
RunIISummer15wmLHEGS WminusHToWW_2LOSFilter_M700_CPS_TuneCUETP8M1_13TeV_powheg_JHUGenV735_pythia8
Found a cookie file at /afs/cern.ch/user/j/jhchoi/private/prod-cookie.txt. Make sure it's not expired!
Using sso-cookie file /afs/cern.ch/user/j/jhchoi/private/prod-cookie.txt
WminusHToWW_2LOSFilter_M800_CPS_TuneCUETP8M1_13TeV_powheg_JHUGenV735_pythia8
RunIISummer15wmLHEGS WminusHToWW_2LOSFilter_M800_CPS_TuneCUETP8M1_13TeV_powheg_JHUGenV735_pythia8
Found a cookie file at /afs/cern.ch/user/j/jhchoi/private/prod-cookie.txt. Make sure it's not expired!
Using sso-cookie file /afs/cern.ch/user/j/jhchoi/private/prod-cookie.txt
WminusHToWW_2LOSFilter_M900_CPS_TuneCUETP8M1_13TeV_powheg_JHUGenV735_pythia8
RunIISummer15wmLHEGS WminusHToWW_2LOSFilter_M900_CPS_TuneCUETP8M1_13TeV_powheg_JHUGenV735_pythia8
Found a cookie file at /afs/cern.ch/user/j/jhchoi/private/prod-cookie.txt. Make sure it's not expired!
Using sso-cookie file /afs/cern.ch/user/j/jhchoi/private/prod-cookie.txt
WminusHToWW_2LOSFilter_M1000_CPS_TuneCUETP8M1_13TeV_powheg_JHUGenV735_pythia8
RunIISummer15wmLHEGS WminusHToWW_2LOSFilter_M1000_CPS_TuneCUETP8M1_13TeV_powheg_JHUGenV735_pythia8
Found a cookie file at /afs/cern.ch/user/j/jhchoi/private/prod-cookie.txt. Make sure it's not expired!
Using sso-cookie file /afs/cern.ch/user/j/jhchoi/private/prod-cookie.txt
WminusHToWW_2LOSFilter_M1500_CPS_TuneCUETP8M1_13TeV_powheg_JHUGenV735_pythia8
RunIISummer15wmLHEGS WminusHToWW_2LOSFilter_M1500_CPS_TuneCUETP8M1_13TeV_powheg_JHUGenV735_pythia8
Found a cookie file at /afs/cern.ch/user/j/jhchoi/private/prod-cookie.txt. Make sure it's not expired!
Using sso-cookie file /afs/cern.ch/user/j/jhchoi/private/prod-cookie.txt
WminusHToWW_2LOSFilter_M2000_CPS_TuneCUETP8M1_13TeV_powheg_JHUGenV735_pythia8
RunIISummer15wmLHEGS WminusHToWW_2LOSFilter_M2000_CPS_TuneCUETP8M1_13TeV_powheg_JHUGenV735_pythia8
Found a cookie file at /afs/cern.ch/user/j/jhchoi/private/prod-cookie.txt. Make sure it's not expired!
Using sso-cookie file /afs/cern.ch/user/j/jhchoi/private/prod-cookie.txt
WminusHToWW_2LOSFilter_M2500_CPS_TuneCUETP8M1_13TeV_powheg_JHUGenV735_pythia8
RunIISummer15wmLHEGS WminusHToWW_2LOSFilter_M2500_CPS_TuneCUETP8M1_13TeV_powheg_JHUGenV735_pythia8
Found a cookie file at /afs/cern.ch/user/j/jhchoi/private/prod-cookie.txt. Make sure it's not expired!
Using sso-cookie file /afs/cern.ch/user/j/jhchoi/private/prod-cookie.txt
WminusHToWW_2LOSFilter_M3000_CPS_TuneCUETP8M1_13TeV_powheg_JHUGenV735_pythia8
RunIISummer15wmLHEGS WminusHToWW_2LOSFilter_M3000_CPS_TuneCUETP8M1_13TeV_powheg_JHUGenV735_pythia8
Found a cookie file at /afs/cern.ch/user/j/jhchoi/private/prod-cookie.txt. Make sure it's not expired!
Using sso-cookie file /afs/cern.ch/user/j/jhchoi/private/prod-cookie.txt
WplusHToWW_2LOSFilter_M125_TuneCUETP8M1_13TeV_powheg_JHUGenV735_pythia8
RunIISummer15wmLHEGS WplusHToWW_2LOSFilter_M125_TuneCUETP8M1_13TeV_powheg_JHUGenV735_pythia8
Found a cookie file at /afs/cern.ch/user/j/jhchoi/private/prod-cookie.txt. Make sure it's not expired!
Using sso-cookie file /afs/cern.ch/user/j/jhchoi/private/prod-cookie.txt
WplusHToWW_2LOSFilter_M160_TuneCUETP8M1_13TeV_powheg_JHUGenV735_pythia8
RunIISummer15wmLHEGS WplusHToWW_2LOSFilter_M160_TuneCUETP8M1_13TeV_powheg_JHUGenV735_pythia8
Found a cookie file at /afs/cern.ch/user/j/jhchoi/private/prod-cookie.txt. Make sure it's not expired!
Using sso-cookie file /afs/cern.ch/user/j/jhchoi/private/prod-cookie.txt
WplusHToWW_2LOSFilter_M170_TuneCUETP8M1_13TeV_powheg_JHUGenV735_pythia8
RunIISummer15wmLHEGS WplusHToWW_2LOSFilter_M170_TuneCUETP8M1_13TeV_powheg_JHUGenV735_pythia8
Found a cookie file at /afs/cern.ch/user/j/jhchoi/private/prod-cookie.txt. Make sure it's not expired!
Using sso-cookie file /afs/cern.ch/user/j/jhchoi/private/prod-cookie.txt
WplusHToWW_2LOSFilter_M180_TuneCUETP8M1_13TeV_powheg_JHUGenV735_pythia8
RunIISummer15wmLHEGS WplusHToWW_2LOSFilter_M180_TuneCUETP8M1_13TeV_powheg_JHUGenV735_pythia8
Found a cookie file at /afs/cern.ch/user/j/jhchoi/private/prod-cookie.txt. Make sure it's not expired!
Using sso-cookie file /afs/cern.ch/user/j/jhchoi/private/prod-cookie.txt
WplusHToWW_2LOSFilter_M190_TuneCUETP8M1_13TeV_powheg_JHUGenV735_pythia8
RunIISummer15wmLHEGS WplusHToWW_2LOSFilter_M190_TuneCUETP8M1_13TeV_powheg_JHUGenV735_pythia8
Found a cookie file at /afs/cern.ch/user/j/jhchoi/private/prod-cookie.txt. Make sure it's not expired!
Using sso-cookie file /afs/cern.ch/user/j/jhchoi/private/prod-cookie.txt
WplusHToWW_2LOSFilter_M200_CPS_TuneCUETP8M1_13TeV_powheg_JHUGenV735_pythia8
RunIISummer15wmLHEGS WplusHToWW_2LOSFilter_M200_CPS_TuneCUETP8M1_13TeV_powheg_JHUGenV735_pythia8
Found a cookie file at /afs/cern.ch/user/j/jhchoi/private/prod-cookie.txt. Make sure it's not expired!
Using sso-cookie file /afs/cern.ch/user/j/jhchoi/private/prod-cookie.txt
WplusHToWW_2LOSFilter_M210_CPS_TuneCUETP8M1_13TeV_powheg_JHUGenV735_pythia8
RunIISummer15wmLHEGS WplusHToWW_2LOSFilter_M210_CPS_TuneCUETP8M1_13TeV_powheg_JHUGenV735_pythia8
Found a cookie file at /afs/cern.ch/user/j/jhchoi/private/prod-cookie.txt. Make sure it's not expired!
Using sso-cookie file /afs/cern.ch/user/j/jhchoi/private/prod-cookie.txt
WplusHToWW_2LOSFilter_M230_CPS_TuneCUETP8M1_13TeV_powheg_JHUGenV735_pythia8
RunIISummer15wmLHEGS WplusHToWW_2LOSFilter_M230_CPS_TuneCUETP8M1_13TeV_powheg_JHUGenV735_pythia8
Found a cookie file at /afs/cern.ch/user/j/jhchoi/private/prod-cookie.txt. Make sure it's not expired!
Using sso-cookie file /afs/cern.ch/user/j/jhchoi/private/prod-cookie.txt
WplusHToWW_2LOSFilter_M250_CPS_TuneCUETP8M1_13TeV_powheg_JHUGenV735_pythia8
RunIISummer15wmLHEGS WplusHToWW_2LOSFilter_M250_CPS_TuneCUETP8M1_13TeV_powheg_JHUGenV735_pythia8
Found a cookie file at /afs/cern.ch/user/j/jhchoi/private/prod-cookie.txt. Make sure it's not expired!
Using sso-cookie file /afs/cern.ch/user/j/jhchoi/private/prod-cookie.txt
WplusHToWW_2LOSFilter_M270_CPS_TuneCUETP8M1_13TeV_powheg_JHUGenV735_pythia8
RunIISummer15wmLHEGS WplusHToWW_2LOSFilter_M270_CPS_TuneCUETP8M1_13TeV_powheg_JHUGenV735_pythia8
Found a cookie file at /afs/cern.ch/user/j/jhchoi/private/prod-cookie.txt. Make sure it's not expired!
Using sso-cookie file /afs/cern.ch/user/j/jhchoi/private/prod-cookie.txt
WplusHToWW_2LOSFilter_M300_CPS_TuneCUETP8M1_13TeV_powheg_JHUGenV735_pythia8
RunIISummer15wmLHEGS WplusHToWW_2LOSFilter_M300_CPS_TuneCUETP8M1_13TeV_powheg_JHUGenV735_pythia8
Found a cookie file at /afs/cern.ch/user/j/jhchoi/private/prod-cookie.txt. Make sure it's not expired!
Using sso-cookie file /afs/cern.ch/user/j/jhchoi/private/prod-cookie.txt
WplusHToWW_2LOSFilter_M350_CPS_TuneCUETP8M1_13TeV_powheg_JHUGenV735_pythia8
RunIISummer15wmLHEGS WplusHToWW_2LOSFilter_M350_CPS_TuneCUETP8M1_13TeV_powheg_JHUGenV735_pythia8
Found a cookie file at /afs/cern.ch/user/j/jhchoi/private/prod-cookie.txt. Make sure it's not expired!
Using sso-cookie file /afs/cern.ch/user/j/jhchoi/private/prod-cookie.txt
WplusHToWW_2LOSFilter_M400_CPS_TuneCUETP8M1_13TeV_powheg_JHUGenV735_pythia8
RunIISummer15wmLHEGS WplusHToWW_2LOSFilter_M400_CPS_TuneCUETP8M1_13TeV_powheg_JHUGenV735_pythia8
Found a cookie file at /afs/cern.ch/user/j/jhchoi/private/prod-cookie.txt. Make sure it's not expired!
Using sso-cookie file /afs/cern.ch/user/j/jhchoi/private/prod-cookie.txt
WplusHToWW_2LOSFilter_M450_CPS_TuneCUETP8M1_13TeV_powheg_JHUGenV735_pythia8
RunIISummer15wmLHEGS WplusHToWW_2LOSFilter_M450_CPS_TuneCUETP8M1_13TeV_powheg_JHUGenV735_pythia8
Found a cookie file at /afs/cern.ch/user/j/jhchoi/private/prod-cookie.txt. Make sure it's not expired!
Using sso-cookie file /afs/cern.ch/user/j/jhchoi/private/prod-cookie.txt
WplusHToWW_2LOSFilter_M500_CPS_TuneCUETP8M1_13TeV_powheg_JHUGenV735_pythia8
RunIISummer15wmLHEGS WplusHToWW_2LOSFilter_M500_CPS_TuneCUETP8M1_13TeV_powheg_JHUGenV735_pythia8
Found a cookie file at /afs/cern.ch/user/j/jhchoi/private/prod-cookie.txt. Make sure it's not expired!
Using sso-cookie file /afs/cern.ch/user/j/jhchoi/private/prod-cookie.txt
WplusHToWW_2LOSFilter_M550_CPS_TuneCUETP8M1_13TeV_powheg_JHUGenV735_pythia8
RunIISummer15wmLHEGS WplusHToWW_2LOSFilter_M550_CPS_TuneCUETP8M1_13TeV_powheg_JHUGenV735_pythia8
Found a cookie file at /afs/cern.ch/user/j/jhchoi/private/prod-cookie.txt. Make sure it's not expired!
Using sso-cookie file /afs/cern.ch/user/j/jhchoi/private/prod-cookie.txt
WplusHToWW_2LOSFilter_M600_CPS_TuneCUETP8M1_13TeV_powheg_JHUGenV735_pythia8
RunIISummer15wmLHEGS WplusHToWW_2LOSFilter_M600_CPS_TuneCUETP8M1_13TeV_powheg_JHUGenV735_pythia8
Found a cookie file at /afs/cern.ch/user/j/jhchoi/private/prod-cookie.txt. Make sure it's not expired!
Using sso-cookie file /afs/cern.ch/user/j/jhchoi/private/prod-cookie.txt
WplusHToWW_2LOSFilter_M700_CPS_TuneCUETP8M1_13TeV_powheg_JHUGenV735_pythia8
RunIISummer15wmLHEGS WplusHToWW_2LOSFilter_M700_CPS_TuneCUETP8M1_13TeV_powheg_JHUGenV735_pythia8
Found a cookie file at /afs/cern.ch/user/j/jhchoi/private/prod-cookie.txt. Make sure it's not expired!
Using sso-cookie file /afs/cern.ch/user/j/jhchoi/private/prod-cookie.txt
WplusHToWW_2LOSFilter_M800_CPS_TuneCUETP8M1_13TeV_powheg_JHUGenV735_pythia8
RunIISummer15wmLHEGS WplusHToWW_2LOSFilter_M800_CPS_TuneCUETP8M1_13TeV_powheg_JHUGenV735_pythia8
Found a cookie file at /afs/cern.ch/user/j/jhchoi/private/prod-cookie.txt. Make sure it's not expired!
Using sso-cookie file /afs/cern.ch/user/j/jhchoi/private/prod-cookie.txt
WplusHToWW_2LOSFilter_M900_CPS_TuneCUETP8M1_13TeV_powheg_JHUGenV735_pythia8
RunIISummer15wmLHEGS WplusHToWW_2LOSFilter_M900_CPS_TuneCUETP8M1_13TeV_powheg_JHUGenV735_pythia8
Found a cookie file at /afs/cern.ch/user/j/jhchoi/private/prod-cookie.txt. Make sure it's not expired!
Using sso-cookie file /afs/cern.ch/user/j/jhchoi/private/prod-cookie.txt
WplusHToWW_2LOSFilter_M1000_CPS_TuneCUETP8M1_13TeV_powheg_JHUGenV735_pythia8
RunIISummer15wmLHEGS WplusHToWW_2LOSFilter_M1000_CPS_TuneCUETP8M1_13TeV_powheg_JHUGenV735_pythia8
Found a cookie file at /afs/cern.ch/user/j/jhchoi/private/prod-cookie.txt. Make sure it's not expired!
Using sso-cookie file /afs/cern.ch/user/j/jhchoi/private/prod-cookie.txt
WplusHToWW_2LOSFilter_M1500_CPS_TuneCUETP8M1_13TeV_powheg_JHUGenV735_pythia8
RunIISummer15wmLHEGS WplusHToWW_2LOSFilter_M1500_CPS_TuneCUETP8M1_13TeV_powheg_JHUGenV735_pythia8
Found a cookie file at /afs/cern.ch/user/j/jhchoi/private/prod-cookie.txt. Make sure it's not expired!
Using sso-cookie file /afs/cern.ch/user/j/jhchoi/private/prod-cookie.txt
WplusHToWW_2LOSFilter_M2000_CPS_TuneCUETP8M1_13TeV_powheg_JHUGenV735_pythia8
RunIISummer15wmLHEGS WplusHToWW_2LOSFilter_M2000_CPS_TuneCUETP8M1_13TeV_powheg_JHUGenV735_pythia8
Found a cookie file at /afs/cern.ch/user/j/jhchoi/private/prod-cookie.txt. Make sure it's not expired!
Using sso-cookie file /afs/cern.ch/user/j/jhchoi/private/prod-cookie.txt
WplusHToWW_2LOSFilter_M2500_CPS_TuneCUETP8M1_13TeV_powheg_JHUGenV735_pythia8
RunIISummer15wmLHEGS WplusHToWW_2LOSFilter_M2500_CPS_TuneCUETP8M1_13TeV_powheg_JHUGenV735_pythia8
Found a cookie file at /afs/cern.ch/user/j/jhchoi/private/prod-cookie.txt. Make sure it's not expired!
Using sso-cookie file /afs/cern.ch/user/j/jhchoi/private/prod-cookie.txt
WplusHToWW_2LOSFilter_M3000_CPS_TuneCUETP8M1_13TeV_powheg_JHUGenV735_pythia8
RunIISummer15wmLHEGS WplusHToWW_2LOSFilter_M3000_CPS_TuneCUETP8M1_13TeV_powheg_JHUGenV735_pythia8
Found a cookie file at /afs/cern.ch/user/j/jhchoi/private/prod-cookie.txt. Make sure it's not expired!
Using sso-cookie file /afs/cern.ch/user/j/jhchoi/private/prod-cookie.txt
HZJ_HToWW2L2NuInclusiveZ_M125_TuneCUETP8M1_13TeV_powheg_JHUGenV735_pythia8
RunIISummer15wmLHEGS HZJ_HToWW2L2NuInclusiveZ_M125_TuneCUETP8M1_13TeV_powheg_JHUGenV735_pythia8
Found a cookie file at /afs/cern.ch/user/j/jhchoi/private/prod-cookie.txt. Make sure it's not expired!
Using sso-cookie file /afs/cern.ch/user/j/jhchoi/private/prod-cookie.txt
HZJ_HToWW2L2NuInclusiveZ_M160_TuneCUETP8M1_13TeV_powheg_JHUGenV735_pythia8
RunIISummer15wmLHEGS HZJ_HToWW2L2NuInclusiveZ_M160_TuneCUETP8M1_13TeV_powheg_JHUGenV735_pythia8
Found a cookie file at /afs/cern.ch/user/j/jhchoi/private/prod-cookie.txt. Make sure it's not expired!
Using sso-cookie file /afs/cern.ch/user/j/jhchoi/private/prod-cookie.txt
HZJ_HToWW2L2NuInclusiveZ_M170_TuneCUETP8M1_13TeV_powheg_JHUGenV735_pythia8
RunIISummer15wmLHEGS HZJ_HToWW2L2NuInclusiveZ_M170_TuneCUETP8M1_13TeV_powheg_JHUGenV735_pythia8
Found a cookie file at /afs/cern.ch/user/j/jhchoi/private/prod-cookie.txt. Make sure it's not expired!
Using sso-cookie file /afs/cern.ch/user/j/jhchoi/private/prod-cookie.txt
HZJ_HToWW2L2NuInclusiveZ_M180_TuneCUETP8M1_13TeV_powheg_JHUGenV735_pythia8
RunIISummer15wmLHEGS HZJ_HToWW2L2NuInclusiveZ_M180_TuneCUETP8M1_13TeV_powheg_JHUGenV735_pythia8
Found a cookie file at /afs/cern.ch/user/j/jhchoi/private/prod-cookie.txt. Make sure it's not expired!
Using sso-cookie file /afs/cern.ch/user/j/jhchoi/private/prod-cookie.txt
HZJ_HToWW2L2NuInclusiveZ_M190_TuneCUETP8M1_13TeV_powheg_JHUGenV735_pythia8
RunIISummer15wmLHEGS HZJ_HToWW2L2NuInclusiveZ_M190_TuneCUETP8M1_13TeV_powheg_JHUGenV735_pythia8
Found a cookie file at /afs/cern.ch/user/j/jhchoi/private/prod-cookie.txt. Make sure it's not expired!
Using sso-cookie file /afs/cern.ch/user/j/jhchoi/private/prod-cookie.txt
HZJ_HToWW2L2NuInclusiveZ_M200_CPS_TuneCUETP8M1_13TeV_powheg_JHUGenV735_pythia8
RunIISummer15wmLHEGS HZJ_HToWW2L2NuInclusiveZ_M200_CPS_TuneCUETP8M1_13TeV_powheg_JHUGenV735_pythia8
Found a cookie file at /afs/cern.ch/user/j/jhchoi/private/prod-cookie.txt. Make sure it's not expired!
Using sso-cookie file /afs/cern.ch/user/j/jhchoi/private/prod-cookie.txt
HZJ_HToWW2L2NuInclusiveZ_M210_CPS_TuneCUETP8M1_13TeV_powheg_JHUGenV735_pythia8
RunIISummer15wmLHEGS HZJ_HToWW2L2NuInclusiveZ_M210_CPS_TuneCUETP8M1_13TeV_powheg_JHUGenV735_pythia8
Found a cookie file at /afs/cern.ch/user/j/jhchoi/private/prod-cookie.txt. Make sure it's not expired!
Using sso-cookie file /afs/cern.ch/user/j/jhchoi/private/prod-cookie.txt
HZJ_HToWW2L2NuInclusiveZ_M230_CPS_TuneCUETP8M1_13TeV_powheg_JHUGenV735_pythia8
RunIISummer15wmLHEGS HZJ_HToWW2L2NuInclusiveZ_M230_CPS_TuneCUETP8M1_13TeV_powheg_JHUGenV735_pythia8
Found a cookie file at /afs/cern.ch/user/j/jhchoi/private/prod-cookie.txt. Make sure it's not expired!
Using sso-cookie file /afs/cern.ch/user/j/jhchoi/private/prod-cookie.txt
HZJ_HToWW2L2NuInclusiveZ_M250_CPS_TuneCUETP8M1_13TeV_powheg_JHUGenV735_pythia8
RunIISummer15wmLHEGS HZJ_HToWW2L2NuInclusiveZ_M250_CPS_TuneCUETP8M1_13TeV_powheg_JHUGenV735_pythia8
Found a cookie file at /afs/cern.ch/user/j/jhchoi/private/prod-cookie.txt. Make sure it's not expired!
Using sso-cookie file /afs/cern.ch/user/j/jhchoi/private/prod-cookie.txt
HZJ_HToWW2L2NuInclusiveZ_M270_CPS_TuneCUETP8M1_13TeV_powheg_JHUGenV735_pythia8
RunIISummer15wmLHEGS HZJ_HToWW2L2NuInclusiveZ_M270_CPS_TuneCUETP8M1_13TeV_powheg_JHUGenV735_pythia8
Found a cookie file at /afs/cern.ch/user/j/jhchoi/private/prod-cookie.txt. Make sure it's not expired!
Using sso-cookie file /afs/cern.ch/user/j/jhchoi/private/prod-cookie.txt
HZJ_HToWW2L2NuInclusiveZ_M300_CPS_TuneCUETP8M1_13TeV_powheg_JHUGenV735_pythia8
RunIISummer15wmLHEGS HZJ_HToWW2L2NuInclusiveZ_M300_CPS_TuneCUETP8M1_13TeV_powheg_JHUGenV735_pythia8
Found a cookie file at /afs/cern.ch/user/j/jhchoi/private/prod-cookie.txt. Make sure it's not expired!
Using sso-cookie file /afs/cern.ch/user/j/jhchoi/private/prod-cookie.txt
HZJ_HToWW2L2NuInclusiveZ_M350_CPS_TuneCUETP8M1_13TeV_powheg_JHUGenV735_pythia8
RunIISummer15wmLHEGS HZJ_HToWW2L2NuInclusiveZ_M350_CPS_TuneCUETP8M1_13TeV_powheg_JHUGenV735_pythia8
Found a cookie file at /afs/cern.ch/user/j/jhchoi/private/prod-cookie.txt. Make sure it's not expired!
Using sso-cookie file /afs/cern.ch/user/j/jhchoi/private/prod-cookie.txt
HZJ_HToWW2L2NuInclusiveZ_M400_CPS_TuneCUETP8M1_13TeV_powheg_JHUGenV735_pythia8
RunIISummer15wmLHEGS HZJ_HToWW2L2NuInclusiveZ_M400_CPS_TuneCUETP8M1_13TeV_powheg_JHUGenV735_pythia8
Found a cookie file at /afs/cern.ch/user/j/jhchoi/private/prod-cookie.txt. Make sure it's not expired!
Using sso-cookie file /afs/cern.ch/user/j/jhchoi/private/prod-cookie.txt
HZJ_HToWW2L2NuInclusiveZ_M450_CPS_TuneCUETP8M1_13TeV_powheg_JHUGenV735_pythia8
RunIISummer15wmLHEGS HZJ_HToWW2L2NuInclusiveZ_M450_CPS_TuneCUETP8M1_13TeV_powheg_JHUGenV735_pythia8
Found a cookie file at /afs/cern.ch/user/j/jhchoi/private/prod-cookie.txt. Make sure it's not expired!
Using sso-cookie file /afs/cern.ch/user/j/jhchoi/private/prod-cookie.txt
HZJ_HToWW2L2NuInclusiveZ_M500_CPS_TuneCUETP8M1_13TeV_powheg_JHUGenV735_pythia8
RunIISummer15wmLHEGS HZJ_HToWW2L2NuInclusiveZ_M500_CPS_TuneCUETP8M1_13TeV_powheg_JHUGenV735_pythia8
Found a cookie file at /afs/cern.ch/user/j/jhchoi/private/prod-cookie.txt. Make sure it's not expired!
Using sso-cookie file /afs/cern.ch/user/j/jhchoi/private/prod-cookie.txt
HZJ_HToWW2L2NuInclusiveZ_M550_CPS_TuneCUETP8M1_13TeV_powheg_JHUGenV735_pythia8
RunIISummer15wmLHEGS HZJ_HToWW2L2NuInclusiveZ_M550_CPS_TuneCUETP8M1_13TeV_powheg_JHUGenV735_pythia8
Found a cookie file at /afs/cern.ch/user/j/jhchoi/private/prod-cookie.txt. Make sure it's not expired!
Using sso-cookie file /afs/cern.ch/user/j/jhchoi/private/prod-cookie.txt
HZJ_HToWW2L2NuInclusiveZ_M600_CPS_TuneCUETP8M1_13TeV_powheg_JHUGenV735_pythia8
RunIISummer15wmLHEGS HZJ_HToWW2L2NuInclusiveZ_M600_CPS_TuneCUETP8M1_13TeV_powheg_JHUGenV735_pythia8
Found a cookie file at /afs/cern.ch/user/j/jhchoi/private/prod-cookie.txt. Make sure it's not expired!
Using sso-cookie file /afs/cern.ch/user/j/jhchoi/private/prod-cookie.txt
HZJ_HToWW2L2NuInclusiveZ_M700_CPS_TuneCUETP8M1_13TeV_powheg_JHUGenV735_pythia8
RunIISummer15wmLHEGS HZJ_HToWW2L2NuInclusiveZ_M700_CPS_TuneCUETP8M1_13TeV_powheg_JHUGenV735_pythia8
Found a cookie file at /afs/cern.ch/user/j/jhchoi/private/prod-cookie.txt. Make sure it's not expired!
Using sso-cookie file /afs/cern.ch/user/j/jhchoi/private/prod-cookie.txt
HZJ_HToWW2L2NuInclusiveZ_M800_CPS_TuneCUETP8M1_13TeV_powheg_JHUGenV735_pythia8
RunIISummer15wmLHEGS HZJ_HToWW2L2NuInclusiveZ_M800_CPS_TuneCUETP8M1_13TeV_powheg_JHUGenV735_pythia8
Found a cookie file at /afs/cern.ch/user/j/jhchoi/private/prod-cookie.txt. Make sure it's not expired!
Using sso-cookie file /afs/cern.ch/user/j/jhchoi/private/prod-cookie.txt
HZJ_HToWW2L2NuInclusiveZ_M900_CPS_TuneCUETP8M1_13TeV_powheg_JHUGenV735_pythia8
RunIISummer15wmLHEGS HZJ_HToWW2L2NuInclusiveZ_M900_CPS_TuneCUETP8M1_13TeV_powheg_JHUGenV735_pythia8
Found a cookie file at /afs/cern.ch/user/j/jhchoi/private/prod-cookie.txt. Make sure it's not expired!
Using sso-cookie file /afs/cern.ch/user/j/jhchoi/private/prod-cookie.txt
HZJ_HToWW2L2NuInclusiveZ_M1000_CPS_TuneCUETP8M1_13TeV_powheg_JHUGenV735_pythia8
RunIISummer15wmLHEGS HZJ_HToWW2L2NuInclusiveZ_M1000_CPS_TuneCUETP8M1_13TeV_powheg_JHUGenV735_pythia8
Found a cookie file at /afs/cern.ch/user/j/jhchoi/private/prod-cookie.txt. Make sure it's not expired!
Using sso-cookie file /afs/cern.ch/user/j/jhchoi/private/prod-cookie.txt
HZJ_HToWW2L2NuInclusiveZ_M1500_CPS_TuneCUETP8M1_13TeV_powheg_JHUGenV735_pythia8
RunIISummer15wmLHEGS HZJ_HToWW2L2NuInclusiveZ_M1500_CPS_TuneCUETP8M1_13TeV_powheg_JHUGenV735_pythia8
Found a cookie file at /afs/cern.ch/user/j/jhchoi/private/prod-cookie.txt. Make sure it's not expired!
Using sso-cookie file /afs/cern.ch/user/j/jhchoi/private/prod-cookie.txt
HZJ_HToWW2L2NuInclusiveZ_M2000_CPS_TuneCUETP8M1_13TeV_powheg_JHUGenV735_pythia8
RunIISummer15wmLHEGS HZJ_HToWW2L2NuInclusiveZ_M2000_CPS_TuneCUETP8M1_13TeV_powheg_JHUGenV735_pythia8
Found a cookie file at /afs/cern.ch/user/j/jhchoi/private/prod-cookie.txt. Make sure it's not expired!
Using sso-cookie file /afs/cern.ch/user/j/jhchoi/private/prod-cookie.txt
HZJ_HToWW2L2NuInclusiveZ_M2500_CPS_TuneCUETP8M1_13TeV_powheg_JHUGenV735_pythia8
RunIISummer15wmLHEGS HZJ_HToWW2L2NuInclusiveZ_M2500_CPS_TuneCUETP8M1_13TeV_powheg_JHUGenV735_pythia8
Found a cookie file at /afs/cern.ch/user/j/jhchoi/private/prod-cookie.txt. Make sure it's not expired!
Using sso-cookie file /afs/cern.ch/user/j/jhchoi/private/prod-cookie.txt
HZJ_HToWW2L2NuInclusiveZ_M3000_CPS_TuneCUETP8M1_13TeV_powheg_JHUGenV735_pythia8
RunIISummer15wmLHEGS HZJ_HToWW2L2NuInclusiveZ_M3000_CPS_TuneCUETP8M1_13TeV_powheg_JHUGenV735_pythia8
Found a cookie file at /afs/cern.ch/user/j/jhchoi/private/prod-cookie.txt. Make sure it's not expired!
Using sso-cookie file /afs/cern.ch/user/j/jhchoi/private/prod-cookie.txt
