25
GluGluHToWWTo2L2Nu_M125_NNPDF31_TuneCP5Up_PSweights_13TeV_powheg_JHUGenV735_pythia8
RunIIFall17wmLHEGS GluGluHToWWTo2L2Nu_M125_NNPDF31_TuneCP5Up_PSweights_13TeV_powheg_JHUGenV735_pythia8
Found a cookie file at /afs/cern.ch/user/j/jhchoi/private/prod-cookie.txt. Make sure it's not expired!
Using sso-cookie file /afs/cern.ch/user/j/jhchoi/private/prod-cookie.txt
GluGluHToWWTo2L2Nu_M125_NNPDF31_TuneCP5Down_PSweights_13TeV_powheg_JHUGenV735_pythia8
RunIIFall17wmLHEGS GluGluHToWWTo2L2Nu_M125_NNPDF31_TuneCP5Down_PSweights_13TeV_powheg_JHUGenV735_pythia8
Found a cookie file at /afs/cern.ch/user/j/jhchoi/private/prod-cookie.txt. Make sure it's not expired!
Using sso-cookie file /afs/cern.ch/user/j/jhchoi/private/prod-cookie.txt
GluGluHToWWTo2L2Nu_M300_CPS_NNPDF31_TuneCP5_PSweights_13TeV_powheg_JHUGenV714_pythia8
RunIIFall17wmLHEGS GluGluHToWWTo2L2Nu_M300_CPS_NNPDF31_TuneCP5_PSweights_13TeV_powheg_JHUGenV714_pythia8
!!wrong jhugen version
Found a cookie file at /afs/cern.ch/user/j/jhchoi/private/prod-cookie.txt. Make sure it's not expired!
Using sso-cookie file /afs/cern.ch/user/j/jhchoi/private/prod-cookie.txt
GluGluHToWWTo2L2Nu_M300_CPS_NNPDF31_TuneCP5_PSweights_13TeV_powheg_JHUGenV714_pythia8
RunIIFall17wmLHEGS GluGluHToWWTo2L2Nu_M300_CPS_NNPDF31_TuneCP5_PSweights_13TeV_powheg_JHUGenV714_pythia8
!!wrong jhugen version
Found a cookie file at /afs/cern.ch/user/j/jhchoi/private/prod-cookie.txt. Make sure it's not expired!
Using sso-cookie file /afs/cern.ch/user/j/jhchoi/private/prod-cookie.txt
GluGluHToWWTo2L2N_M125_NNPDF31_TuneCP5Up_PSweights_13TeV_powheg_minloHJJ_JHUGenV735_pythia8
RunIIFall17wmLHEGS GluGluHToWWTo2L2N_M125_NNPDF31_TuneCP5Up_PSweights_13TeV_powheg_minloHJJ_JHUGenV735_pythia8
Found a cookie file at /afs/cern.ch/user/j/jhchoi/private/prod-cookie.txt. Make sure it's not expired!
Using sso-cookie file /afs/cern.ch/user/j/jhchoi/private/prod-cookie.txt
GluGluHToWWTo2L2N_M125_NNPDF31_TuneCP5Down_PSweights_13TeV_powheg_minloHJJ_JHUGenV735_pythia8
RunIIFall17wmLHEGS GluGluHToWWTo2L2N_M125_NNPDF31_TuneCP5Down_PSweights_13TeV_powheg_minloHJJ_JHUGenV735_pythia8
Found a cookie file at /afs/cern.ch/user/j/jhchoi/private/prod-cookie.txt. Make sure it's not expired!
Using sso-cookie file /afs/cern.ch/user/j/jhchoi/private/prod-cookie.txt
GluGluHToWWTo2L2N_M300_CPS_NNPDF31_TuneCP5Up_PSweights_13TeV_powheg_minloHJJ_JHUGenV735_pythia8
RunIIFall17wmLHEGS GluGluHToWWTo2L2N_M300_CPS_NNPDF31_TuneCP5Up_PSweights_13TeV_powheg_minloHJJ_JHUGenV735_pythia8
Found a cookie file at /afs/cern.ch/user/j/jhchoi/private/prod-cookie.txt. Make sure it's not expired!
Using sso-cookie file /afs/cern.ch/user/j/jhchoi/private/prod-cookie.txt
GluGluHToWWTo2L2N_M300_CPS_NNPDF31_TuneCP5Down_PSweights_13TeV_powheg_minloHJJ_JHUGenV735_pythia8
RunIIFall17wmLHEGS GluGluHToWWTo2L2N_M300_CPS_NNPDF31_TuneCP5Down_PSweights_13TeV_powheg_minloHJJ_JHUGenV735_pythia8
Found a cookie file at /afs/cern.ch/user/j/jhchoi/private/prod-cookie.txt. Make sure it's not expired!
Using sso-cookie file /afs/cern.ch/user/j/jhchoi/private/prod-cookie.txt
VBFHToWWTo2L2Nu_M125_NNPDF31_TuneCP5Up_PSweights_13TeV_powheg_JHUGen735_pythia8
RunIIFall17wmLHEGS VBFHToWWTo2L2Nu_M125_NNPDF31_TuneCP5Up_PSweights_13TeV_powheg_JHUGen735_pythia8
Found a cookie file at /afs/cern.ch/user/j/jhchoi/private/prod-cookie.txt. Make sure it's not expired!
Using sso-cookie file /afs/cern.ch/user/j/jhchoi/private/prod-cookie.txt
VBFHToWWTo2L2Nu_M125_NNPDF31_TuneCP5Down_PSweights_13TeV_powheg_JHUGen735_pythia8
RunIIFall17wmLHEGS VBFHToWWTo2L2Nu_M125_NNPDF31_TuneCP5Down_PSweights_13TeV_powheg_JHUGen735_pythia8
Found a cookie file at /afs/cern.ch/user/j/jhchoi/private/prod-cookie.txt. Make sure it's not expired!
Using sso-cookie file /afs/cern.ch/user/j/jhchoi/private/prod-cookie.txt
VBFHToWWTo2L2Nu_M300_CPS_NNPDF31_TuneCP5Up_PSweights_13TeV_powheg_JHUGen735_pythia8
RunIIFall17wmLHEGS VBFHToWWTo2L2Nu_M300_CPS_NNPDF31_TuneCP5Up_PSweights_13TeV_powheg_JHUGen735_pythia8
Found a cookie file at /afs/cern.ch/user/j/jhchoi/private/prod-cookie.txt. Make sure it's not expired!
Using sso-cookie file /afs/cern.ch/user/j/jhchoi/private/prod-cookie.txt
VBFHToWWTo2L2Nu_M300_CPS_NNPDF31_TuneCP5Down_PSweights_13TeV_powheg_JHUGen735_pythia8
RunIIFall17wmLHEGS VBFHToWWTo2L2Nu_M300_CPS_NNPDF31_TuneCP5Down_PSweights_13TeV_powheg_JHUGen735_pythia8
Found a cookie file at /afs/cern.ch/user/j/jhchoi/private/prod-cookie.txt. Make sure it's not expired!
Using sso-cookie file /afs/cern.ch/user/j/jhchoi/private/prod-cookie.txt
WminusHToWW_2LOSFilter_M125_NNPDF31_TuneCP5Up_PSweights_13TeV_powheg_JHUGen735_pythia8
RunIIFall17wmLHEGS WminusHToWW_2LOSFilter_M125_NNPDF31_TuneCP5Up_PSweights_13TeV_powheg_JHUGen735_pythia8
Found a cookie file at /afs/cern.ch/user/j/jhchoi/private/prod-cookie.txt. Make sure it's not expired!
Using sso-cookie file /afs/cern.ch/user/j/jhchoi/private/prod-cookie.txt
WminusHToWW_2LOSFilter_M125_NNPDF31_TuneCP5Down_PSweights_13TeV_powheg_JHUGen735_pythia8
RunIIFall17wmLHEGS WminusHToWW_2LOSFilter_M125_NNPDF31_TuneCP5Down_PSweights_13TeV_powheg_JHUGen735_pythia8
Found a cookie file at /afs/cern.ch/user/j/jhchoi/private/prod-cookie.txt. Make sure it's not expired!
Using sso-cookie file /afs/cern.ch/user/j/jhchoi/private/prod-cookie.txt
WminusHToWW_2LOSFilter_M300_CPS_NNPDF31_TuneCP5Up_PSweights_13TeV_powheg_JHUGen735_pythia8
RunIIFall17wmLHEGS WminusHToWW_2LOSFilter_M300_CPS_NNPDF31_TuneCP5Up_PSweights_13TeV_powheg_JHUGen735_pythia8
Found a cookie file at /afs/cern.ch/user/j/jhchoi/private/prod-cookie.txt. Make sure it's not expired!
Using sso-cookie file /afs/cern.ch/user/j/jhchoi/private/prod-cookie.txt
WminusHToWW_2LOSFilter_M300_CPS_NNPDF31_TuneCP5Down_PSweights_13TeV_powheg_JHUGen735_pythia8
RunIIFall17wmLHEGS WminusHToWW_2LOSFilter_M300_CPS_NNPDF31_TuneCP5Down_PSweights_13TeV_powheg_JHUGen735_pythia8
Found a cookie file at /afs/cern.ch/user/j/jhchoi/private/prod-cookie.txt. Make sure it's not expired!
Using sso-cookie file /afs/cern.ch/user/j/jhchoi/private/prod-cookie.txt
WplusHToWW_2LOSFilter_M125_NNPDF31_TuneCP5Up_PSweights_13TeV_powheg_JHUGen735_pythia8
RunIIFall17wmLHEGS WplusHToWW_2LOSFilter_M125_NNPDF31_TuneCP5Up_PSweights_13TeV_powheg_JHUGen735_pythia8
Found a cookie file at /afs/cern.ch/user/j/jhchoi/private/prod-cookie.txt. Make sure it's not expired!
Using sso-cookie file /afs/cern.ch/user/j/jhchoi/private/prod-cookie.txt
WplusHToWW_2LOSFilter_M125_NNPDF31_TuneCP5Down_PSweights_13TeV_powheg_JHUGen735_pythia8
RunIIFall17wmLHEGS WplusHToWW_2LOSFilter_M125_NNPDF31_TuneCP5Down_PSweights_13TeV_powheg_JHUGen735_pythia8
Found a cookie file at /afs/cern.ch/user/j/jhchoi/private/prod-cookie.txt. Make sure it's not expired!
Using sso-cookie file /afs/cern.ch/user/j/jhchoi/private/prod-cookie.txt
WplusHToWW_2LOSFilter_M300_CPS_NNPDF31_TuneCP5Up_PSweights_13TeV_powheg_JHUGen735_pythia8
RunIIFall17wmLHEGS WplusHToWW_2LOSFilter_M300_CPS_NNPDF31_TuneCP5Up_PSweights_13TeV_powheg_JHUGen735_pythia8
Found a cookie file at /afs/cern.ch/user/j/jhchoi/private/prod-cookie.txt. Make sure it's not expired!
Using sso-cookie file /afs/cern.ch/user/j/jhchoi/private/prod-cookie.txt
WplusHToWW_2LOSFilter_M300_CPS_NNPDF31_TuneCP5Down_PSweights_13TeV_powheg_JHUGen735_pythia8
RunIIFall17wmLHEGS WplusHToWW_2LOSFilter_M300_CPS_NNPDF31_TuneCP5Down_PSweights_13TeV_powheg_JHUGen735_pythia8
Found a cookie file at /afs/cern.ch/user/j/jhchoi/private/prod-cookie.txt. Make sure it's not expired!
Using sso-cookie file /afs/cern.ch/user/j/jhchoi/private/prod-cookie.txt
HZJ_HToWW2L2NuInclusiveZ_M125_NNPDF31_TuneCP5Up_PSweights_13TeV_powheg_JHUGen735_pythia8
RunIIFall17wmLHEGS HZJ_HToWW2L2NuInclusiveZ_M125_NNPDF31_TuneCP5Up_PSweights_13TeV_powheg_JHUGen735_pythia8
Found a cookie file at /afs/cern.ch/user/j/jhchoi/private/prod-cookie.txt. Make sure it's not expired!
Using sso-cookie file /afs/cern.ch/user/j/jhchoi/private/prod-cookie.txt
HZJ_HToWW2L2NuInclusiveZ_M125_NNPDF31_TuneCP5Down_PSweights_13TeV_powheg_JHUGen735_pythia8
RunIIFall17wmLHEGS HZJ_HToWW2L2NuInclusiveZ_M125_NNPDF31_TuneCP5Down_PSweights_13TeV_powheg_JHUGen735_pythia8
Found a cookie file at /afs/cern.ch/user/j/jhchoi/private/prod-cookie.txt. Make sure it's not expired!
Using sso-cookie file /afs/cern.ch/user/j/jhchoi/private/prod-cookie.txt
HZJ_HToWW2L2NuInclusiveZ_M300_CPS_NNPDF31_TuneCP5Up_PSweights_13TeV_powheg_JHUGen735_pythia8
RunIIFall17wmLHEGS HZJ_HToWW2L2NuInclusiveZ_M300_CPS_NNPDF31_TuneCP5Up_PSweights_13TeV_powheg_JHUGen735_pythia8
Found a cookie file at /afs/cern.ch/user/j/jhchoi/private/prod-cookie.txt. Make sure it's not expired!
Using sso-cookie file /afs/cern.ch/user/j/jhchoi/private/prod-cookie.txt
HZJ_HToWW2L2NuInclusiveZ_M300_CPS_NNPDF31_TuneCP5Down_PSweights_13TeV_powheg_JHUGen735_pythia8
RunIIFall17wmLHEGS HZJ_HToWW2L2NuInclusiveZ_M300_CPS_NNPDF31_TuneCP5Down_PSweights_13TeV_powheg_JHUGen735_pythia8
Found a cookie file at /afs/cern.ch/user/j/jhchoi/private/prod-cookie.txt. Make sure it's not expired!
Using sso-cookie file /afs/cern.ch/user/j/jhchoi/private/prod-cookie.txt
